Build started 9/30/2012 7:16:56 PM.
     1>Project "C:\College\Year 2\Term 3\Data Structures\Week 9\Adcock_project3\Adcock_project3\Adcock_project3.vcxproj" on node 2 (build target(s)).
     1>InitializeBuildStatus:
         Creating "Debug\Adcock_project3.unsuccessfulbuild" because "AlwaysCreate" was specified.
       ClCompile:
         C:\Program Files\Microsoft Visual Studio 10.0\VC\bin\CL.exe /c /ZI /nologo /W3 /WX- /Od /Oy- /D _MBCS /Gm /EHsc /RTC1 /MDd /GS /fp:precise /Zc:wchar_t /Zc:forScope /Fo"Debug\\" /Fd"Debug\vc100.pdb" /Gd /TP /analyze- /errorReport:prompt main.cpp
         main.cpp
       Link:
         C:\Program Files\Microsoft Visual Studio 10.0\VC\bin\link.exe /ERRORREPORT:PROMPT /OUT:"C:\College\Year 2\Term 3\Data Structures\Week 9\Adcock_project3\Debug\Adcock_project3.exe" /NOLOGO kernel32.lib user32.lib gdi32.lib winspool.lib comdlg32.lib advapi32.lib shell32.lib ole32.lib oleaut32.lib uuid.lib odbc32.lib odbccp32.lib /MANIFEST /ManifestFile:"Debug\Adcock_project3.exe.intermediate.manifest" /MANIFESTUAC:"level='asInvoker' uiAccess='false'" /DEBUG /PDB:"C:\College\Year 2\Term 3\Data Structures\Week 9\Adcock_project3\Debug\Adcock_project3.pdb" /TLBID:1 /DYNAMICBASE /NXCOMPAT /IMPLIB:"C:\College\Year 2\Term 3\Data Structures\Week 9\Adcock_project3\Debug\Adcock_project3.lib" /MACHINE:X86 Debug\linkedListDef.obj
         Debug\main.obj
         Debug\queuesDef.obj
         Debug\stacksDef.obj
         LINK : C:\College\Year 2\Term 3\Data Structures\Week 9\Adcock_project3\Debug\Adcock_project3.exe not found or not built by the last incremental link; performing full link
         Adcock_project3.vcxproj -> C:\College\Year 2\Term 3\Data Structures\Week 9\Adcock_project3\Debug\Adcock_project3.exe
       Manifest:
         C:\Program Files\Microsoft SDKs\Windows\v7.0A\bin\mt.exe /nologo /verbose /outputresource:"C:\College\Year 2\Term 3\Data Structures\Week 9\Adcock_project3\Debug\Adcock_project3.exe;#1" /manifest Debug\Adcock_project3.exe.intermediate.manifest
       FinalizeBuildStatus:
         Deleting file "Debug\Adcock_project3.unsuccessfulbuild".
         Touching "Debug\Adcock_project3.lastbuildstate".
     1>Done Building Project "C:\College\Year 2\Term 3\Data Structures\Week 9\Adcock_project3\Adcock_project3\Adcock_project3.vcxproj" (build target(s)).

Build succeeded.

Time Elapsed 00:00:01.24
